<?xml version="1.0" encoding="UTF-8" standalone="no"?><testsuite errors="0" failures="0" name="Get User Information" skipped="0" tests="5" time="4.52" timestamp="2023-11-03 07:14:18"><testcase name="As a user I can get user information with valid token data"/><testcase name="As a user I can't get user information without path"/><testcase name="As a user I can't get user information without token"/><testcase name="As a user I can't get user information invalid token"/><testcase name="As a user I can't get user information if setting authorization type other than &quot;Bearer Token&quot;"/></testsuite>