<?xml version="1.0" encoding="UTF-8" standalone="no"?><testsuite errors="0" failures="0" name="Get Order By ID" skipped="0" tests="3" time="0.9" timestamp="2023-11-03 07:14:29"><testcase name="As a user I can get order by ID data with a valid path"/><testcase name="As a user I cannot get order data with an invalid ID (by entering the ID numbers, letters &amp; symbols at the same time)"/><testcase name="As a user I cannot get order data with an invalid ID (by entering an ID number that does not yet exist in the database)"/></testsuite>