<?xml version="1.0" encoding="UTF-8" standalone="no"?><testsuite errors="0" failures="0" name="Get Product By ID" skipped="0" tests="3" time="0.8" timestamp="2023-11-03 07:14:37"><testcase name="As a user I can get a single product data with a valid ID"/><testcase name="As a user I cannot get product data with an invalid ID (by entering the ID numbers, letters &amp; symbols at the same time)"/><testcase name="As a user I can't get product data with an invalid ID (by entering an ID number that does not yet exist in the database)"/></testsuite>