<?xml version="1.0" encoding="UTF-8" standalone="no"?><testsuite errors="0" failures="0" name="Assign Product Rating" skipped="0" tests="4" time="1.22" timestamp="2023-11-03 07:14:32"><testcase name="As a user I can assign product rating data with a valid path and body request"/><testcase name="As a user I can't assign product ratings with an invalid path"/><testcase name="As a user I can't assign product ratings without path"/><testcase name="As a user I can't set product rating data with a request for the number of ratings exceeding &gt; 5"/></testsuite>