<?xml version="1.0" encoding="UTF-8" standalone="no"?><testsuite errors="0" failures="0" name="Create New Product" skipped="0" tests="4" time="0.85" timestamp="2023-11-03 07:14:34"><testcase name="As a user I can create new product data with a valid path and body request"/><testcase name="As a user I can't create new product without path"/><testcase name="As a user I can't create new product data if name field blank request"/><testcase name="As a user I can't create new product data if price field blank request"/></testsuite>