<?xml version="1.0" encoding="UTF-8" standalone="no"?><testsuite errors="0" failures="0" name="Register User" skipped="0" tests="7" time="1.55" timestamp="2023-11-03 07:14:25"><testcase name="As a new user I can register by filling a valid data"/><testcase name="As a new user I can't register without path"/><testcase name="As a new user I can't register if I don't fill in the register request"/><testcase name="As a new user I can't register if I don't fill in the email request"/><testcase name="As a new user I can't register if I don't fill in the password request"/><testcase name="As a new user I can't register if I don't fill in the fullname request"/><testcase name="As a new user I can't register if the email request format is not appropriate (e.g."/></testsuite>